<?xml version="1.0" encoding="UTF-8"?>
<coverage generated="1685972503408" clover="3.2.0">
  <project timestamp="1685972503408" name="All files">
    <metrics statements="51" coveredstatements="51" conditionals="7" coveredconditionals="7" methods="3" coveredmethods="3" elements="61" coveredelements="61" complexity="0" loc="51" ncloc="51" packages="1" files="1" classes="1"/>
    <file name="Root.tsx" path="/Users/guillaume/Web/OpenClassrooms/Wealth-Health/src/routes/Root.tsx">
      <metrics statements="51" coveredstatements="51" conditionals="7" coveredconditionals="7" methods="3" coveredmethods="3"/>
      <line num="1" count="1" type="stmt"/>
      <line num="2" count="1" type="stmt"/>
      <line num="3" count="1" type="stmt"/>
      <line num="4" count="4" type="cond" truecount="1" falsecount="0"/>
      <line num="5" count="4" type="stmt"/>
      <line num="6" count="4" type="stmt"/>
      <line num="7" count="4" type="stmt"/>
      <line num="8" count="4" type="stmt"/>
      <line num="9" count="4" type="stmt"/>
      <line num="10" count="4" type="stmt"/>
      <line num="11" count="4" type="stmt"/>
      <line num="12" count="4" type="stmt"/>
      <line num="13" count="4" type="stmt"/>
      <line num="14" count="4" type="stmt"/>
      <line num="15" count="4" type="stmt"/>
      <line num="16" count="4" type="stmt"/>
      <line num="17" count="4" type="stmt"/>
      <line num="18" count="4" type="stmt"/>
      <line num="19" count="4" type="stmt"/>
      <line num="20" count="4" type="stmt"/>
      <line num="21" count="4" type="cond" truecount="1" falsecount="0"/>
      <line num="22" count="5" type="cond" truecount="1" falsecount="0"/>
      <line num="23" count="4" type="cond" truecount="1" falsecount="0"/>
      <line num="24" count="1" type="stmt"/>
      <line num="25" count="4" type="stmt"/>
      <line num="26" count="4" type="stmt"/>
      <line num="27" count="4" type="stmt"/>
      <line num="28" count="4" type="stmt"/>
      <line num="29" count="4" type="stmt"/>
      <line num="30" count="4" type="stmt"/>
      <line num="31" count="4" type="stmt"/>
      <line num="32" count="4" type="stmt"/>
      <line num="33" count="4" type="stmt"/>
      <line num="34" count="4" type="cond" truecount="1" falsecount="0"/>
      <line num="35" count="5" type="cond" truecount="1" falsecount="0"/>
      <line num="36" count="1" type="cond" truecount="1" falsecount="0"/>
      <line num="37" count="4" type="stmt"/>
      <line num="38" count="4" type="stmt"/>
      <line num="39" count="4" type="stmt"/>
      <line num="40" count="4" type="stmt"/>
      <line num="41" count="4" type="stmt"/>
      <line num="42" count="4" type="stmt"/>
      <line num="43" count="4" type="stmt"/>
      <line num="44" count="4" type="stmt"/>
      <line num="45" count="4" type="stmt"/>
      <line num="46" count="4" type="stmt"/>
      <line num="47" count="4" type="stmt"/>
      <line num="48" count="4" type="stmt"/>
      <line num="49" count="4" type="stmt"/>
      <line num="50" count="4" type="stmt"/>
      <line num="51" count="4" type="stmt"/>
    </file>
  </project>
</coverage>
